23:18:12.539 [main] INFO  Dealership.POM - PurchaseTaxLevel is selected
23:18:12.913 [main] FATAL Dealership.POM - Test Failed - screenshot captured for Method : AddVendor
23:23:01.390 [main] INFO  Dealership.POM - Windows maximized
23:23:03.508 [main] INFO  Dealership.POM - URL entered
23:23:03.628 [main] INFO  Dealership.POM - Username field is visible
23:23:04.274 [main] INFO  Dealership.POM - Password field is visible
23:23:04.689 [main] INFO  Dealership.POM - Login Button is visible
23:23:12.544 [main] INFO  Dealership.POM - Login Button is clicked
23:23:39.734 [main] INFO  Dealership.POM - Title not Matched
23:23:39.853 [main] INFO  Dealership.POM - Addnew button is displayed
23:23:39.958 [main] INFO  Dealership.POM - Addnew button is clicked
23:23:40.038 [main] INFO  Dealership.POM - Vendor button is displayed
23:23:40.136 [main] INFO  Dealership.POM - Vendor button is clicked
23:23:50.252 [main] INFO  Dealership.POM - Vendor creation window is opened
23:23:50.709 [main] INFO  Dealership.POM - Company name is entered
23:24:00.989 [main] INFO  Dealership.POM - Vendor Account Number is entered
23:24:01.456 [main] INFO  Dealership.POM - Work Email is entered
23:24:01.511 [main] INFO  Dealership.POM - Phone number field is visible
23:24:01.719 [main] INFO  Dealership.POM - Phone number  is filled
23:24:01.833 [main] INFO  Dealership.POM - Billingaddress field is visible
23:24:02.297 [main] INFO  Dealership.POM - Billingaddress  is filled
23:24:02.524 [main] INFO  Dealership.POM - City Name is selected
23:24:02.786 [main] INFO  Dealership.POM - Billing State is selected
23:24:03.083 [main] INFO  Dealership.POM - Billing Country is selected
23:24:03.327 [main] INFO  Dealership.POM - Postcode is selected
23:24:03.479 [main] INFO  Dealership.POM - Shippingaddressflag is same as billing address
23:24:03.804 [main] INFO  Dealership.POM - PurchaseTaxLevel is selected
23:24:04.174 [main] FATAL Dealership.POM - Test Failed - screenshot captured for Method : AddVendor
23:29:04.097 [main] INFO  Dealership.POM - Windows maximized
23:29:05.900 [main] INFO  Dealership.POM - URL entered
23:29:06.066 [main] INFO  Dealership.POM - Username field is visible
23:29:06.959 [main] INFO  Dealership.POM - Password field is visible
23:29:07.789 [main] INFO  Dealership.POM - Login Button is visible
23:29:24.483 [main] INFO  Dealership.POM - Login Button is clicked
23:29:44.497 [main] INFO  Dealership.POM - Title not Matched
23:29:44.631 [main] INFO  Dealership.POM - Addnew button is displayed
23:29:44.745 [main] INFO  Dealership.POM - Addnew button is clicked
23:29:44.843 [main] INFO  Dealership.POM - Vendor button is displayed
23:29:44.950 [main] INFO  Dealership.POM - Vendor button is clicked
23:29:55.055 [main] INFO  Dealership.POM - Vendor creation window is opened
23:29:55.565 [main] INFO  Dealership.POM - Company name is entered
23:30:05.863 [main] INFO  Dealership.POM - Vendor Account Number is entered
23:30:06.296 [main] INFO  Dealership.POM - Work Email is entered
23:30:06.348 [main] INFO  Dealership.POM - Phone number field is visible
23:30:06.569 [main] INFO  Dealership.POM - Phone number  is filled
23:30:06.682 [main] INFO  Dealership.POM - Billingaddress field is visible
23:30:07.160 [main] INFO  Dealership.POM - Billingaddress  is filled
23:30:07.396 [main] INFO  Dealership.POM - City Name is selected
23:30:07.666 [main] INFO  Dealership.POM - Billing State is selected
23:30:07.956 [main] INFO  Dealership.POM - Billing Country is selected
23:30:08.202 [main] INFO  Dealership.POM - Postcode is selected
23:30:08.362 [main] INFO  Dealership.POM - Shippingaddressflag is same as billing address
23:30:08.704 [main] INFO  Dealership.POM - PurchaseTaxLevel is selected
23:30:09.009 [main] INFO  Dealership.POM - VendorAccountTypeIcon is selected
23:30:09.162 [main] INFO  Dealership.POM - Save button is clicked
23:30:19.786 [main] INFO  Dealership.POM - email is entered in seachbox
23:30:30.411 [main] FATAL Dealership.POM - Test Failed - screenshot captured for Method : AddVendor
23:35:42.313 [main] INFO  Dealership.POM - Windows maximized
23:35:44.549 [main] INFO  Dealership.POM - URL entered
23:35:44.748 [main] INFO  Dealership.POM - Username field is visible
23:35:45.006 [main] INFO  Dealership.POM - Password field is visible
23:35:45.577 [main] INFO  Dealership.POM - Login Button is visible
23:36:02.095 [main] INFO  Dealership.POM - Login Button is clicked
23:36:22.140 [main] INFO  Dealership.POM - Title not Matched
23:36:22.260 [main] INFO  Dealership.POM - Addnew button is displayed
23:36:22.382 [main] INFO  Dealership.POM - Addnew button is clicked
23:36:22.487 [main] INFO  Dealership.POM - Vendor button is displayed
23:36:22.580 [main] INFO  Dealership.POM - Vendor button is clicked
23:36:32.693 [main] INFO  Dealership.POM - Vendor creation window is opened
23:36:33.154 [main] INFO  Dealership.POM - Company name is entered
23:36:43.453 [main] INFO  Dealership.POM - Vendor Account Number is entered
23:36:43.895 [main] INFO  Dealership.POM - Work Email is entered
23:36:43.951 [main] INFO  Dealership.POM - Phone number field is visible
23:36:44.164 [main] INFO  Dealership.POM - Phone number  is filled
23:36:44.272 [main] INFO  Dealership.POM - Billingaddress field is visible
23:36:44.707 [main] INFO  Dealership.POM - Billingaddress  is filled
23:36:44.953 [main] INFO  Dealership.POM - City Name is selected
23:36:45.274 [main] INFO  Dealership.POM - Billing State is selected
23:36:45.564 [main] INFO  Dealership.POM - Billing Country is selected
23:36:45.809 [main] INFO  Dealership.POM - Postcode is selected
23:36:45.964 [main] INFO  Dealership.POM - Shippingaddressflag is same as billing address
23:36:46.256 [main] INFO  Dealership.POM - PurchaseTaxLevel is selected
23:36:46.586 [main] INFO  Dealership.POM - VendorAccountTypeIcon is selected
23:36:46.787 [main] INFO  Dealership.POM - Save button is clicked
23:36:57.291 [main] INFO  Dealership.POM - email is entered in searchbox
23:37:07.400 [main] INFO  Dealership.POM - the text is qavendor-29_11_202111_35_35@gmail.com
23:37:07.416 [main] INFO  Dealership.POM - User is successfully created
23:37:07.418 [main] INFO  Dealership.POM - Test case AddVendor is passes successfully
23:42:46.777 [main] INFO  Dealership.POM - Windows maximized
23:42:49.554 [main] INFO  Dealership.POM - URL entered
23:42:49.745 [main] INFO  Dealership.POM - Username field is visible
23:42:50.022 [main] INFO  Dealership.POM - Password field is visible
23:42:50.859 [main] INFO  Dealership.POM - Login Button is visible
23:43:06.034 [main] INFO  Dealership.POM - Login Button is clicked
23:43:26.062 [main] INFO  Dealership.POM - Title not Matched
23:43:26.194 [main] INFO  Dealership.POM - Addnew button is displayed
23:43:26.319 [main] INFO  Dealership.POM - Addnew button is clicked
23:43:26.425 [main] INFO  Dealership.POM - Vendor button is displayed
23:43:26.536 [main] INFO  Dealership.POM - Vendor button is clicked
23:43:36.633 [main] INFO  Dealership.POM - Vendor creation window is opened
23:43:37.060 [main] INFO  Dealership.POM - Company name is entered
23:43:38.348 [main] INFO  Dealership.POM - Vendor Account Number is entered
23:43:38.819 [main] INFO  Dealership.POM - Work Email is entered
23:43:38.872 [main] INFO  Dealership.POM - Phone number field is visible
23:43:39.123 [main] INFO  Dealership.POM - Phone number  is filled
23:43:39.236 [main] INFO  Dealership.POM - Billingaddress field is visible
23:43:39.691 [main] INFO  Dealership.POM - Billingaddress  is filled
23:43:39.933 [main] INFO  Dealership.POM - City Name is selected
23:43:40.217 [main] INFO  Dealership.POM - Billing State is selected
23:43:40.527 [main] INFO  Dealership.POM - Billing Country is selected
23:43:40.828 [main] INFO  Dealership.POM - Postcode is selected
23:43:40.985 [main] INFO  Dealership.POM - Shippingaddressflag is same as billing address
23:43:41.291 [main] INFO  Dealership.POM - PurchaseTaxLevel is selected
23:43:41.600 [main] INFO  Dealership.POM - VendorAccountTypeIcon is selected
23:43:41.775 [main] INFO  Dealership.POM - Save button is clicked
23:43:52.249 [main] INFO  Dealership.POM - email is entered in searchbox
23:44:02.351 [main] INFO  Dealership.POM - the text is qavendor-29_11_202111_42_40@gmail.com
23:44:02.365 [main] INFO  Dealership.POM - User is successfully created
23:44:02.370 [main] INFO  Dealership.POM - Test case AddVendor is passes successfully
11:17:52.430 [main] INFO  Dealership.POM - Windows maximized
11:17:54.514 [main] INFO  Dealership.POM - URL entered
11:17:54.763 [main] INFO  Dealership.POM - Username field is visible
11:17:55.206 [main] INFO  Dealership.POM - Password field is visible
11:17:56.337 [main] INFO  Dealership.POM - Login Button is visible
11:19:09.492 [main] INFO  Dealership.POM - Login Button is clicked
11:19:29.516 [main] INFO  Dealership.POM - Title Matched
11:19:29.677 [main] INFO  Dealership.POM - Addnew button is displayed
11:19:29.788 [main] INFO  Dealership.POM - Addnew button is clicked
11:19:29.948 [main] INFO  Dealership.POM - Customer button is displayed
11:19:30.187 [main] INFO  Dealership.POM - Customer button is clicked
11:19:35.336 [main] INFO  Dealership.POM - Customer creation window is opened
11:19:35.387 [main] INFO  Dealership.POM - Firstname field is visible
11:19:35.704 [main] INFO  Dealership.POM - Firstname  is filled
11:19:35.770 [main] INFO  Dealership.POM - Lastname field is visible
11:19:35.987 [main] INFO  Dealership.POM - Lastname  is filled
11:19:36.091 [main] INFO  Dealership.POM - Account type field is visible
11:19:37.617 [main] FATAL Dealership.POM - Test Failed - screenshot captured for Method : AddCustomer
11:19:42.715 [main] INFO  Dealership.POM - Windows maximized
11:19:44.565 [main] INFO  Dealership.POM - URL entered
11:19:44.710 [main] INFO  Dealership.POM - Username field is visible
11:19:45.914 [main] INFO  Dealership.POM - Password field is visible
11:19:46.933 [main] INFO  Dealership.POM - Login Button is visible
11:20:00.920 [main] INFO  Dealership.POM - Login Button is clicked
11:20:20.950 [main] INFO  Dealership.POM - Title not Matched
11:20:21.088 [main] INFO  Dealership.POM - Addnew button is displayed
11:20:21.203 [main] INFO  Dealership.POM - Addnew button is clicked
11:20:21.279 [main] INFO  Dealership.POM - Vendor button is displayed
11:20:21.413 [main] INFO  Dealership.POM - Vendor button is clicked
11:20:31.497 [main] INFO  Dealership.POM - Vendor creation window is opened
11:20:31.935 [main] INFO  Dealership.POM - Company name is entered
11:20:33.167 [main] INFO  Dealership.POM - Vendor Account Number is entered
11:20:33.587 [main] INFO  Dealership.POM - Work Email is entered
11:20:33.626 [main] INFO  Dealership.POM - Phone number field is visible
11:20:33.835 [main] INFO  Dealership.POM - Phone number  is filled
11:20:33.934 [main] INFO  Dealership.POM - Billingaddress field is visible
11:20:34.360 [main] INFO  Dealership.POM - Billingaddress  is filled
11:20:34.591 [main] INFO  Dealership.POM - City Name is selected
11:20:34.832 [main] INFO  Dealership.POM - Billing State is selected
11:20:35.115 [main] INFO  Dealership.POM - Billing Country is selected
11:20:35.332 [main] INFO  Dealership.POM - Postcode is selected
11:20:35.522 [main] INFO  Dealership.POM - Shippingaddressflag is same as billing address
11:20:35.757 [main] INFO  Dealership.POM - PurchaseTaxLevel is selected
11:20:36.121 [main] INFO  Dealership.POM - VendorAccountTypeIcon is selected
11:20:36.237 [main] INFO  Dealership.POM - Save button is clicked
11:20:46.814 [main] INFO  Dealership.POM - email is entered in searchbox
11:20:57.160 [main] FATAL Dealership.POM - Test Failed - screenshot captured for Method : AddVendor
11:27:49.166 [main] INFO  Dealership.POM - Windows maximized
11:27:51.015 [main] INFO  Dealership.POM - URL entered
11:27:51.228 [main] INFO  Dealership.POM - Username field is visible
11:27:51.900 [main] INFO  Dealership.POM - Password field is visible
11:27:52.385 [main] INFO  Dealership.POM - Login Button is visible
11:28:07.922 [main] INFO  Dealership.POM - Login Button is clicked
11:28:27.943 [main] INFO  Dealership.POM - Title not Matched
11:28:28.064 [main] INFO  Dealership.POM - Addnew button is displayed
11:28:28.143 [main] INFO  Dealership.POM - Addnew button is clicked
11:28:28.238 [main] INFO  Dealership.POM - Customer button is displayed
11:28:28.326 [main] INFO  Dealership.POM - Customer button is clicked
11:28:33.409 [main] INFO  Dealership.POM - Customer creation window is opened
11:28:33.460 [main] INFO  Dealership.POM - Firstname field is visible
11:28:33.682 [main] INFO  Dealership.POM - Firstname  is filled
11:28:33.739 [main] INFO  Dealership.POM - Lastname field is visible
11:28:33.886 [main] INFO  Dealership.POM - Lastname  is filled
11:28:33.940 [main] INFO  Dealership.POM - Account type field is visible
11:28:34.019 [main] INFO  Dealership.POM - Account type  is clicked
11:28:34.183 [main] INFO  Dealership.POM - Account type  is selected
11:28:34.237 [main] INFO  Dealership.POM - Email field is visible
11:28:34.466 [main] INFO  Dealership.POM - Email  is filled
11:28:34.512 [main] INFO  Dealership.POM - Mobilenumber field is visible
11:28:34.649 [main] INFO  Dealership.POM - Mobilenumber  is filled
11:28:34.752 [main] INFO  Dealership.POM - Address field is visible
11:28:35.024 [main] INFO  Dealership.POM - Address  is filled
11:28:35.075 [main] INFO  Dealership.POM - Country field is visible
11:28:35.162 [main] INFO  Dealership.POM - Country is clicked
11:28:35.300 [main] INFO  Dealership.POM - Country Name is selected
11:28:35.474 [main] INFO  Dealership.POM - City Name is selected
11:28:35.707 [main] INFO  Dealership.POM - Postcode is selected
11:28:35.905 [main] INFO  Dealership.POM - Create button is clicked
11:28:46.346 [main] INFO  Dealership.POM - email is entered in seachbox
11:28:56.456 [main] INFO  Dealership.POM - the text is sparsh-30_11_202111_27_42@test.com
11:28:56.466 [main] INFO  Dealership.POM - User is successfully created
11:28:56.471 [main] INFO  Dealership.POM - Test case AddCustomer is passes successfully
11:28:59.981 [main] INFO  Dealership.POM - Windows maximized
11:29:02.594 [main] INFO  Dealership.POM - URL entered
11:29:03.050 [main] INFO  Dealership.POM - Username field is visible
11:29:04.002 [main] INFO  Dealership.POM - Password field is visible
11:29:04.669 [main] INFO  Dealership.POM - Login Button is visible
11:29:18.761 [main] INFO  Dealership.POM - Login Button is clicked
11:29:38.788 [main] INFO  Dealership.POM - Title not Matched
11:29:38.877 [main] INFO  Dealership.POM - Addnew button is displayed
11:29:38.951 [main] INFO  Dealership.POM - Addnew button is clicked
11:29:39.007 [main] INFO  Dealership.POM - Vendor button is displayed
11:29:39.111 [main] INFO  Dealership.POM - Vendor button is clicked
11:29:49.193 [main] INFO  Dealership.POM - Vendor creation window is opened
11:29:49.612 [main] INFO  Dealership.POM - Company name is entered
11:29:50.844 [main] INFO  Dealership.POM - Vendor Account Number is entered
11:29:51.244 [main] INFO  Dealership.POM - Work Email is entered
11:29:51.287 [main] INFO  Dealership.POM - Phone number field is visible
11:29:51.473 [main] INFO  Dealership.POM - Phone number  is filled
11:29:51.554 [main] INFO  Dealership.POM - Billingaddress field is visible
11:29:51.953 [main] INFO  Dealership.POM - Billingaddress  is filled
11:29:52.172 [main] INFO  Dealership.POM - City Name is selected
11:29:52.438 [main] INFO  Dealership.POM - Billing State is selected
11:29:52.751 [main] INFO  Dealership.POM - Billing Country is selected
11:29:52.999 [main] INFO  Dealership.POM - Postcode is selected
11:29:53.158 [main] INFO  Dealership.POM - Shippingaddressflag is same as billing address
11:29:53.408 [main] INFO  Dealership.POM - PurchaseTaxLevel is selected
11:29:53.747 [main] INFO  Dealership.POM - VendorAccountTypeIcon is selected
11:29:53.891 [main] INFO  Dealership.POM - Save button is clicked
11:30:04.277 [main] INFO  Dealership.POM - email is entered in searchbox
11:30:14.367 [main] INFO  Dealership.POM - the text is qavendor-30_11_202111_27_42@gmail.com
11:30:14.378 [main] INFO  Dealership.POM - User is successfully created
11:30:14.378 [main] INFO  Dealership.POM - Test case AddVendor is passes successfully
12:29:17.283 [main] INFO  Dealership.POM - Windows maximized
12:29:19.467 [main] INFO  Dealership.POM - URL entered
12:29:19.586 [main] INFO  Dealership.POM - Username field is visible
12:29:19.763 [main] INFO  Dealership.POM - Password field is visible
12:29:19.940 [main] INFO  Dealership.POM - Login Button is visible
12:29:36.788 [main] INFO  Dealership.POM - Login Button is clicked
12:29:56.812 [main] INFO  Dealership.POM - Title not Matched
12:29:56.908 [main] INFO  Dealership.POM - Addnew button is displayed
12:29:56.999 [main] INFO  Dealership.POM - Addnew button is clicked
12:29:57.078 [main] INFO  Dealership.POM - Customer button is displayed
12:29:57.176 [main] INFO  Dealership.POM - Customer button is clicked
12:30:02.273 [main] INFO  Dealership.POM - Customer creation window is opened
12:30:02.322 [main] INFO  Dealership.POM - Firstname field is visible
12:30:02.550 [main] INFO  Dealership.POM - Firstname  is filled
12:30:02.604 [main] INFO  Dealership.POM - Lastname field is visible
12:30:02.752 [main] INFO  Dealership.POM - Lastname  is filled
12:30:02.800 [main] INFO  Dealership.POM - Account type field is visible
12:30:02.896 [main] INFO  Dealership.POM - Account type  is clicked
12:30:03.066 [main] INFO  Dealership.POM - Account type  is selected
12:30:03.117 [main] INFO  Dealership.POM - Email field is visible
12:30:03.355 [main] INFO  Dealership.POM - Email  is filled
12:30:03.403 [main] INFO  Dealership.POM - Mobilenumber field is visible
12:30:03.594 [main] INFO  Dealership.POM - Mobilenumber  is filled
12:30:03.703 [main] INFO  Dealership.POM - Address field is visible
12:30:04.039 [main] INFO  Dealership.POM - Address  is filled
12:30:04.097 [main] INFO  Dealership.POM - Country field is visible
12:30:04.226 [main] INFO  Dealership.POM - Country is clicked
12:30:04.370 [main] INFO  Dealership.POM - Country Name is selected
12:30:04.525 [main] INFO  Dealership.POM - City Name is selected
12:30:04.686 [main] INFO  Dealership.POM - Postcode is selected
12:30:04.804 [main] INFO  Dealership.POM - Create button is clicked
12:30:15.384 [main] INFO  Dealership.POM - email is entered in seachbox
12:30:25.539 [main] INFO  Dealership.POM - the text is sparsh-30_11_202112_28_38@test.com
12:30:25.556 [main] INFO  Dealership.POM - User is successfully created
12:30:25.560 [main] INFO  Dealership.POM - Test case AddCustomer is passes successfully
12:30:30.285 [main] INFO  Dealership.POM - Windows maximized
12:30:32.165 [main] INFO  Dealership.POM - URL entered
12:30:32.256 [main] INFO  Dealership.POM - Username field is visible
12:30:33.175 [main] INFO  Dealership.POM - Password field is visible
12:30:34.029 [main] INFO  Dealership.POM - Login Button is visible
12:30:48.806 [main] INFO  Dealership.POM - Login Button is clicked
12:31:08.832 [main] INFO  Dealership.POM - Title not Matched
12:31:08.910 [main] INFO  Dealership.POM - Addnew button is displayed
12:31:09.025 [main] INFO  Dealership.POM - Addnew button is clicked
12:31:09.096 [main] INFO  Dealership.POM - Vendor button is displayed
12:31:09.225 [main] INFO  Dealership.POM - Vendor button is clicked
12:31:19.323 [main] INFO  Dealership.POM - Vendor creation window is opened
12:31:19.795 [main] INFO  Dealership.POM - Company name is entered
12:31:21.067 [main] INFO  Dealership.POM - Vendor Account Number is entered
12:31:21.480 [main] INFO  Dealership.POM - Work Email is entered
12:31:21.521 [main] INFO  Dealership.POM - Phone number field is visible
12:31:21.722 [main] INFO  Dealership.POM - Phone number  is filled
12:31:21.824 [main] INFO  Dealership.POM - Billingaddress field is visible
12:31:22.303 [main] INFO  Dealership.POM - Billingaddress  is filled
12:31:22.575 [main] INFO  Dealership.POM - City Name is selected
12:31:22.901 [main] INFO  Dealership.POM - Billing State is selected
12:31:23.211 [main] INFO  Dealership.POM - Billing Country is selected
12:31:23.502 [main] INFO  Dealership.POM - Postcode is selected
12:31:23.659 [main] INFO  Dealership.POM - Shippingaddressflag is same as billing address
12:31:23.972 [main] INFO  Dealership.POM - PurchaseTaxLevel is selected
12:31:24.281 [main] INFO  Dealership.POM - VendorAccountTypeIcon is selected
12:31:24.442 [main] INFO  Dealership.POM - Save button is clicked
12:31:34.891 [main] INFO  Dealership.POM - email is entered in searchbox
12:31:44.999 [main] INFO  Dealership.POM - the text is qavendor-30_11_202112_28_38@gmail.com
12:31:45.013 [main] INFO  Dealership.POM - User is successfully created
12:31:45.013 [main] INFO  Dealership.POM - Test case AddVendor is passes successfully
18:16:26.962 [main] INFO  Dealership.POM - Windows maximized
18:16:36.157 [main] INFO  Dealership.POM - URL entered
18:16:36.247 [main] INFO  Dealership.POM - Username field is visible
18:16:36.407 [main] INFO  Dealership.POM - Password field is visible
18:16:36.581 [main] INFO  Dealership.POM - Login Button is visible
18:16:36.670 [main] INFO  Dealership.POM - Login Button is clicked
18:18:20.323 [main] INFO  Dealership.POM - Title Matched
18:18:20.340 [main] INFO  Dealership.POM - Test case Sample is passes successfully
19:55:37.547 [main] INFO  Dealership.POM - Windows maximized
19:55:39.610 [main] INFO  Dealership.POM - URL entered
19:55:39.869 [main] INFO  Dealership.POM - Username field is visible
19:55:41.060 [main] INFO  Dealership.POM - Password field is visible
19:55:42.310 [main] INFO  Dealership.POM - Login Button is visible
19:56:19.705 [main] INFO  Dealership.POM - Login Button is clicked
19:56:39.735 [main] INFO  Dealership.POM - Title not Matched
19:56:40.075 [main] INFO  Dealership.POM - Test case Sample is passes successfully
22:01:02.917 [main] INFO  Dealership.POM - Windows maximized
22:01:05.278 [main] INFO  Dealership.POM - URL entered
22:01:05.414 [main] INFO  Dealership.POM - Username field is visible
22:01:05.601 [main] INFO  Dealership.POM - Password field is visible
22:01:05.785 [main] INFO  Dealership.POM - Login Button is visible
22:01:05.944 [main] INFO  Dealership.POM - Login Button is clicked
22:01:43.017 [main] INFO  Dealership.POM - Title not Matched
22:01:43.139 [main] INFO  Dealership.POM - Addnew button is displayed
22:01:43.251 [main] INFO  Dealership.POM - Addnew button is clicked
22:01:43.326 [main] INFO  Dealership.POM - Customer button is displayed
22:01:43.464 [main] INFO  Dealership.POM - Customer button is clicked
22:01:48.640 [main] INFO  Dealership.POM - Customer creation window is opened
22:01:48.694 [main] INFO  Dealership.POM - Firstname field is visible
22:01:48.991 [main] INFO  Dealership.POM - Firstname  is filled
22:01:49.042 [main] INFO  Dealership.POM - Lastname field is visible
22:01:49.211 [main] INFO  Dealership.POM - Lastname  is filled
22:01:49.261 [main] INFO  Dealership.POM - Account type field is visible
22:01:49.340 [main] INFO  Dealership.POM - Account type  is clicked
22:01:49.490 [main] INFO  Dealership.POM - Account type  is selected
22:01:49.541 [main] INFO  Dealership.POM - Email field is visible
22:01:49.831 [main] INFO  Dealership.POM - Email  is filled
22:01:49.872 [main] INFO  Dealership.POM - Mobilenumber field is visible
22:01:50.141 [main] INFO  Dealership.POM - Mobilenumber  is filled
22:01:50.278 [main] INFO  Dealership.POM - Address field is visible
22:01:50.692 [main] INFO  Dealership.POM - Address  is filled
22:01:50.749 [main] INFO  Dealership.POM - Country field is visible
22:01:50.838 [main] INFO  Dealership.POM - Country is clicked
22:01:51.001 [main] INFO  Dealership.POM - Country Name is selected
22:01:51.196 [main] INFO  Dealership.POM - City Name is selected
22:01:51.384 [main] INFO  Dealership.POM - Postcode is selected
22:01:51.521 [main] INFO  Dealership.POM - Create button is clicked
22:02:01.962 [main] INFO  Dealership.POM - email is entered in seachbox
22:02:12.117 [main] INFO  Dealership.POM - the text is sparsh-30_11_202110_00_48@test.com
22:02:12.135 [main] INFO  Dealership.POM - User is successfully created
22:02:12.141 [main] INFO  Dealership.POM - Test case AddCustomer is passes successfully
22:02:20.202 [main] INFO  Dealership.POM - Windows maximized
22:02:22.374 [main] INFO  Dealership.POM - URL entered
22:02:22.542 [main] INFO  Dealership.POM - Username field is visible
22:02:22.765 [main] INFO  Dealership.POM - Password field is visible
22:02:23.020 [main] INFO  Dealership.POM - Login Button is visible
22:02:38.620 [main] INFO  Dealership.POM - Login Button is clicked
22:02:58.646 [main] INFO  Dealership.POM - Title not Matched
22:02:58.770 [main] INFO  Dealership.POM - Addnew button is displayed
22:02:58.871 [main] INFO  Dealership.POM - Addnew button is clicked
22:02:58.936 [main] INFO  Dealership.POM - Vendor button is displayed
22:02:59.043 [main] INFO  Dealership.POM - Vendor button is clicked
22:03:09.172 [main] INFO  Dealership.POM - Vendor creation window is opened
22:03:09.572 [main] INFO  Dealership.POM - Company name is entered
22:03:10.801 [main] INFO  Dealership.POM - Vendor Account Number is entered
22:03:11.159 [main] INFO  Dealership.POM - Work Email is entered
22:03:11.202 [main] INFO  Dealership.POM - Phone number field is visible
22:03:11.366 [main] INFO  Dealership.POM - Phone number  is filled
22:03:11.472 [main] INFO  Dealership.POM - Billingaddress field is visible
22:03:11.860 [main] INFO  Dealership.POM - Billingaddress  is filled
22:03:12.112 [main] INFO  Dealership.POM - City Name is selected
22:03:12.391 [main] INFO  Dealership.POM - Billing State is selected
22:03:12.697 [main] INFO  Dealership.POM - Billing Country is selected
22:03:12.941 [main] INFO  Dealership.POM - Postcode is selected
22:03:13.118 [main] INFO  Dealership.POM - Shippingaddressflag is same as billing address
22:03:13.357 [main] INFO  Dealership.POM - PurchaseTaxLevel is selected
22:03:13.617 [main] INFO  Dealership.POM - VendorAccountTypeIcon is selected
22:03:13.736 [main] INFO  Dealership.POM - Save button is clicked
22:03:24.159 [main] INFO  Dealership.POM - email is entered in searchbox
22:03:34.259 [main] INFO  Dealership.POM - the text is qavendor-30_11_202110_00_48@gmail.com
22:03:34.275 [main] INFO  Dealership.POM - User is successfully created
22:03:34.275 [main] INFO  Dealership.POM - Test case AddVendor is passes successfully
15:00:20.899 [main] INFO  Dealership.POM - Windows maximized
15:00:23.349 [main] INFO  Dealership.POM - URL entered
15:00:23.445 [main] INFO  Dealership.POM - Username field is visible
15:00:23.648 [main] INFO  Dealership.POM - Password field is visible
15:00:23.816 [main] INFO  Dealership.POM - Login Button is visible
15:00:40.312 [main] INFO  Dealership.POM - Login Button is clicked
15:01:00.346 [main] INFO  Dealership.POM - Title not Matched
15:01:00.483 [main] INFO  Dealership.POM - Addnew button is displayed
15:01:00.604 [main] INFO  Dealership.POM - Addnew button is clicked
15:01:00.691 [main] INFO  Dealership.POM - Part button is displayed
15:01:00.796 [main] INFO  Dealership.POM - Part button is clicked
15:01:06.076 [main] FATAL Dealership.POM - Test Failed - screenshot captured for Method : AddPart
15:02:21.735 [main] INFO  Dealership.POM - Windows maximized
15:02:40.302 [main] INFO  Dealership.POM - Windows maximized
15:02:42.162 [main] INFO  Dealership.POM - URL entered
15:02:42.330 [main] INFO  Dealership.POM - Username field is visible
15:02:42.740 [main] INFO  Dealership.POM - Password field is visible
15:02:43.733 [main] INFO  Dealership.POM - Login Button is visible
15:02:50.893 [main] INFO  Dealership.POM - Windows maximized
15:02:52.961 [main] INFO  Dealership.POM - URL entered
15:02:53.153 [main] INFO  Dealership.POM - Username field is visible
15:02:54.374 [main] INFO  Dealership.POM - Password field is visible
15:02:54.888 [main] INFO  Dealership.POM - Login Button is visible
15:03:00.772 [main] INFO  Dealership.POM - Login Button is clicked
15:03:10.111 [main] INFO  Dealership.POM - Login Button is clicked
15:03:20.801 [main] INFO  Dealership.POM - Title not Matched
15:03:20.986 [main] INFO  Dealership.POM - Addnew button is displayed
15:03:21.078 [main] INFO  Dealership.POM - Addnew button is clicked
15:03:21.196 [main] INFO  Dealership.POM - Part button is displayed
15:03:21.306 [main] INFO  Dealership.POM - Part button is clicked
15:03:30.170 [main] INFO  Dealership.POM - Title not Matched
15:03:31.208 [main] INFO  Dealership.POM - Addnew button is displayed
15:03:31.314 [main] INFO  Dealership.POM - Addnew button is clicked
15:03:31.420 [main] INFO  Dealership.POM - Part button is displayed
15:03:31.554 [main] INFO  Dealership.POM - Part button is clicked
15:03:31.627 [main] FATAL Dealership.POM - Test Failed - screenshot captured for Method : AddPart
15:03:41.824 [main] FATAL Dealership.POM - Test Failed - screenshot captured for Method : AddPart
15:03:45.269 [main] INFO  Dealership.POM - Windows maximized
15:05:13.774 [main] INFO  Dealership.POM - Windows maximized
15:05:15.522 [main] INFO  Dealership.POM - URL entered
15:05:15.654 [main] INFO  Dealership.POM - Username field is visible
15:05:16.667 [main] INFO  Dealership.POM - Password field is visible
15:05:17.336 [main] INFO  Dealership.POM - Login Button is visible
15:05:33.302 [main] INFO  Dealership.POM - Login Button is clicked
15:05:53.321 [main] INFO  Dealership.POM - Title not Matched
15:05:53.524 [main] INFO  Dealership.POM - Addnew button is displayed
15:05:53.611 [main] INFO  Dealership.POM - Addnew button is clicked
15:05:53.698 [main] INFO  Dealership.POM - Part button is displayed
15:05:53.808 [main] INFO  Dealership.POM - Part button is clicked
15:05:59.076 [main] FATAL Dealership.POM - Test Failed - screenshot captured for Method : AddPart
15:09:14.305 [main] INFO  Dealership.POM - Windows maximized
15:09:16.474 [main] INFO  Dealership.POM - URL entered
15:09:16.647 [main] INFO  Dealership.POM - Username field is visible
15:09:17.175 [main] INFO  Dealership.POM - Password field is visible
15:09:17.777 [main] INFO  Dealership.POM - Login Button is visible
15:09:35.918 [main] INFO  Dealership.POM - Login Button is clicked
15:09:55.942 [main] INFO  Dealership.POM - Title not Matched
15:09:56.111 [main] INFO  Dealership.POM - Addnew button is displayed
15:09:56.191 [main] INFO  Dealership.POM - Addnew button is clicked
15:09:56.313 [main] INFO  Dealership.POM - Part button is displayed
15:09:56.423 [main] INFO  Dealership.POM - Part button is clicked
15:10:01.524 [main] INFO  Dealership.POM - Part creation window is opened
15:10:01.574 [main] INFO  Dealership.POM - Part number field is displayed
15:10:01.838 [main] INFO  Dealership.POM - Part number is entered
15:10:01.887 [main] INFO  Dealership.POM - Part Description field is displayed
15:10:02.081 [main] INFO  Dealership.POM - Part Description is entered
15:10:02.124 [main] INFO  Dealership.POM - Vendor_Input field is displayed
15:10:02.398 [main] FATAL Dealership.POM - Test Failed - screenshot captured for Method : AddPart
15:14:31.907 [main] INFO  Dealership.POM - Windows maximized
15:14:33.940 [main] INFO  Dealership.POM - URL entered
15:14:34.072 [main] INFO  Dealership.POM - Username field is visible
15:14:34.262 [main] INFO  Dealership.POM - Password field is visible
15:14:34.408 [main] INFO  Dealership.POM - Login Button is visible
15:14:50.710 [main] INFO  Dealership.POM - Login Button is clicked
15:15:10.737 [main] INFO  Dealership.POM - Title not Matched
15:15:10.856 [main] INFO  Dealership.POM - Addnew button is displayed
15:15:10.961 [main] INFO  Dealership.POM - Addnew button is clicked
15:15:11.042 [main] INFO  Dealership.POM - Part button is displayed
15:15:11.148 [main] INFO  Dealership.POM - Part button is clicked
15:15:16.244 [main] INFO  Dealership.POM - Part creation window is opened
15:15:16.289 [main] INFO  Dealership.POM - Part number field is displayed
15:15:16.563 [main] INFO  Dealership.POM - Part number is entered
15:15:16.620 [main] INFO  Dealership.POM - Part Description field is displayed
15:15:16.824 [main] INFO  Dealership.POM - Part Description is entered
15:15:16.864 [main] INFO  Dealership.POM - Vendor_Input field is displayed
15:15:17.142 [main] FATAL Dealership.POM - Test Failed - screenshot captured for Method : AddPart
15:16:45.973 [main] INFO  Dealership.POM - Windows maximized
15:16:48.536 [main] INFO  Dealership.POM - URL entered
15:16:48.688 [main] INFO  Dealership.POM - Username field is visible
15:16:49.264 [main] INFO  Dealership.POM - Password field is visible
15:16:49.639 [main] INFO  Dealership.POM - Login Button is visible
15:17:04.962 [main] INFO  Dealership.POM - Login Button is clicked
15:17:24.987 [main] INFO  Dealership.POM - Title not Matched
15:17:25.096 [main] INFO  Dealership.POM - Addnew button is displayed
15:17:25.200 [main] INFO  Dealership.POM - Addnew button is clicked
15:17:25.275 [main] INFO  Dealership.POM - Part button is displayed
15:17:25.365 [main] INFO  Dealership.POM - Part button is clicked
15:17:30.468 [main] INFO  Dealership.POM - Part creation window is opened
15:17:30.512 [main] INFO  Dealership.POM - Part number field is displayed
15:17:30.763 [main] INFO  Dealership.POM - Part number is entered
15:17:30.814 [main] INFO  Dealership.POM - Part Description field is displayed
15:17:31.034 [main] INFO  Dealership.POM - Part Description is entered
15:17:31.098 [main] INFO  Dealership.POM - Vendor_Input field is displayed
15:17:36.421 [main] INFO  Dealership.POM - Vendor_Input is entered
15:17:51.430 [main] INFO  Dealership.POM - Test case AddPart is passes successfully
12:27:34.475 [main] INFO  Dealership.POM - Windows maximized
12:27:36.372 [main] INFO  Dealership.POM - URL entered
12:27:36.512 [main] INFO  Dealership.POM - Username field is visible
12:27:36.949 [main] INFO  Dealership.POM - Password field is visible
12:27:37.181 [main] INFO  Dealership.POM - Login Button is visible
12:28:09.747 [main] INFO  Dealership.POM - Login Button is clicked
12:28:29.801 [main] INFO  Dealership.POM - Title Matched
12:28:29.897 [main] INFO  Dealership.POM - Addnew button is displayed
12:28:29.973 [main] INFO  Dealership.POM - Addnew button is clicked
12:28:30.043 [main] INFO  Dealership.POM - Part button is displayed
12:28:30.140 [main] INFO  Dealership.POM - Part button is clicked
12:28:35.261 [main] INFO  Dealership.POM - Part creation window is opened
12:28:35.307 [main] INFO  Dealership.POM - Part number field is displayed
12:28:35.603 [main] INFO  Dealership.POM - Part number is entered
12:28:35.657 [main] INFO  Dealership.POM - Part Description field is displayed
12:28:35.913 [main] INFO  Dealership.POM - Part Description is entered
12:28:35.965 [main] INFO  Dealership.POM - Vendor_Input field is displayed
12:28:41.297 [main] INFO  Dealership.POM - Vendor_Input is entered
12:28:41.349 [main] INFO  Dealership.POM - Mfg Part field is displayed
12:28:41.506 [main] INFO  Dealership.POM - Mfg Part is entered
12:28:41.544 [main] INFO  Dealership.POM - SKU Number field is displayed
12:28:41.709 [main] INFO  Dealership.POM - SKU Number is entered
12:28:42.011 [main] FATAL Dealership.POM - Test Failed - screenshot captured for Method : AddPart
13:02:22.831 [main] INFO  Dealership.POM - Windows maximized
13:02:25.473 [main] INFO  Dealership.POM - URL entered
13:02:25.592 [main] INFO  Dealership.POM - Username field is visible
13:02:25.776 [main] INFO  Dealership.POM - Password field is visible
13:02:25.921 [main] INFO  Dealership.POM - Login Button is visible
13:02:54.627 [main] INFO  Dealership.POM - Login Button is clicked
13:03:14.664 [main] INFO  Dealership.POM - Title Matched
13:03:14.737 [main] INFO  Dealership.POM - Addnew button is displayed
13:03:14.817 [main] INFO  Dealership.POM - Addnew button is clicked
13:03:14.898 [main] INFO  Dealership.POM - Part button is displayed
13:03:15.016 [main] INFO  Dealership.POM - Part button is clicked
13:03:20.088 [main] INFO  Dealership.POM - Part creation window is opened
13:03:20.127 [main] INFO  Dealership.POM - Part number field is displayed
13:03:20.383 [main] INFO  Dealership.POM - Part number is entered
13:03:20.419 [main] INFO  Dealership.POM - Part Description field is displayed
13:03:20.618 [main] INFO  Dealership.POM - Part Description is entered
13:03:20.667 [main] INFO  Dealership.POM - Vendor_Input field is displayed
13:03:26.149 [main] INFO  Dealership.POM - Vendor_Input is entered
13:03:26.187 [main] INFO  Dealership.POM - Mfg Part field is displayed
13:03:26.356 [main] INFO  Dealership.POM - Mfg Part is entered
13:03:26.401 [main] INFO  Dealership.POM - SKU Number field is displayed
13:03:26.588 [main] INFO  Dealership.POM - SKU Number is entered
13:03:26.888 [main] FATAL Dealership.POM - Test Failed - screenshot captured for Method : AddPart
13:13:43.887 [main] INFO  Dealership.POM - Windows maximized
13:13:55.643 [main] INFO  Dealership.POM - URL entered
13:13:55.778 [main] INFO  Dealership.POM - Username field is visible
13:13:56.120 [main] INFO  Dealership.POM - Password field is visible
13:13:56.760 [main] INFO  Dealership.POM - Login Button is visible
13:14:10.413 [main] INFO  Dealership.POM - Login Button is clicked
13:14:30.430 [main] INFO  Dealership.POM - Title not Matched
13:14:30.518 [main] INFO  Dealership.POM - Addnew button is displayed
13:14:30.595 [main] INFO  Dealership.POM - Addnew button is clicked
13:14:30.665 [main] INFO  Dealership.POM - Part button is displayed
13:14:30.754 [main] INFO  Dealership.POM - Part button is clicked
13:14:35.821 [main] INFO  Dealership.POM - Part creation window is opened
13:14:35.856 [main] INFO  Dealership.POM - Part number field is displayed
13:14:36.111 [main] INFO  Dealership.POM - Part number is entered
13:14:36.148 [main] INFO  Dealership.POM - Part Description field is displayed
13:14:36.335 [main] INFO  Dealership.POM - Part Description is entered
13:14:36.373 [main] INFO  Dealership.POM - Vendor_Input field is displayed
13:14:41.767 [main] INFO  Dealership.POM - Vendor_Input is entered
13:14:41.811 [main] INFO  Dealership.POM - Mfg Part field is displayed
13:14:41.991 [main] INFO  Dealership.POM - Mfg Part is entered
13:14:42.033 [main] INFO  Dealership.POM - SKU Number field is displayed
13:14:42.193 [main] INFO  Dealership.POM - SKU Number is entered
13:14:42.243 [main] INFO  Dealership.POM - Category_Input field is displayed
13:14:47.461 [main] INFO  Dealership.POM - Category_Input is entered
13:14:47.502 [main] INFO  Dealership.POM - Tagsfield is displayed
13:14:47.684 [main] INFO  Dealership.POM - Tag is selected
13:14:47.958 [main] FATAL Dealership.POM - Test Failed - screenshot captured for Method : AddPart
13:16:26.068 [main] INFO  Dealership.POM - Windows maximized
13:16:27.811 [main] INFO  Dealership.POM - URL entered
13:16:27.933 [main] INFO  Dealership.POM - Username field is visible
13:16:28.113 [main] INFO  Dealership.POM - Password field is visible
13:16:28.285 [main] INFO  Dealership.POM - Login Button is visible
13:16:42.155 [main] INFO  Dealership.POM - Login Button is clicked
13:17:02.173 [main] INFO  Dealership.POM - Title not Matched
13:17:02.247 [main] INFO  Dealership.POM - Addnew button is displayed
13:17:02.323 [main] INFO  Dealership.POM - Addnew button is clicked
13:17:02.388 [main] INFO  Dealership.POM - Part button is displayed
13:17:02.488 [main] INFO  Dealership.POM - Part button is clicked
13:17:07.557 [main] INFO  Dealership.POM - Part creation window is opened
13:17:07.592 [main] INFO  Dealership.POM - Part number field is displayed
13:17:07.858 [main] INFO  Dealership.POM - Part number is entered
13:17:07.893 [main] INFO  Dealership.POM - Part Description field is displayed
13:17:08.079 [main] INFO  Dealership.POM - Part Description is entered
13:17:08.126 [main] INFO  Dealership.POM - Vendor_Input field is displayed
13:17:13.592 [main] INFO  Dealership.POM - Vendor_Input is entered
13:17:13.629 [main] INFO  Dealership.POM - Mfg Part field is displayed
13:17:13.765 [main] INFO  Dealership.POM - Mfg Part is entered
13:17:13.811 [main] INFO  Dealership.POM - SKU Number field is displayed
13:17:13.960 [main] INFO  Dealership.POM - SKU Number is entered
13:17:14.009 [main] INFO  Dealership.POM - Category_Input field is displayed
13:17:19.242 [main] INFO  Dealership.POM - Category_Input is entered
13:17:19.291 [main] INFO  Dealership.POM - Tagsfield is displayed
13:17:19.469 [main] INFO  Dealership.POM - Tag is selected
13:17:19.519 [main] INFO  Dealership.POM - Location field is displayed
13:17:20.901 [main] FATAL Dealership.POM - Test Failed - screenshot captured for Method : AddPart
13:19:17.958 [main] INFO  Dealership.POM - Windows maximized
13:19:19.844 [main] INFO  Dealership.POM - URL entered
13:19:19.955 [main] INFO  Dealership.POM - Username field is visible
13:19:20.181 [main] INFO  Dealership.POM - Password field is visible
13:19:20.689 [main] INFO  Dealership.POM - Login Button is visible
13:19:35.971 [main] INFO  Dealership.POM - Login Button is clicked
13:19:56.000 [main] INFO  Dealership.POM - Title not Matched
13:19:56.079 [main] INFO  Dealership.POM - Addnew button is displayed
13:19:56.153 [main] INFO  Dealership.POM - Addnew button is clicked
13:19:56.221 [main] INFO  Dealership.POM - Part button is displayed
13:19:56.318 [main] INFO  Dealership.POM - Part button is clicked
13:20:01.393 [main] INFO  Dealership.POM - Part creation window is opened
13:20:01.429 [main] INFO  Dealership.POM - Part number field is displayed
13:20:01.673 [main] INFO  Dealership.POM - Part number is entered
13:20:01.708 [main] INFO  Dealership.POM - Part Description field is displayed
13:20:01.894 [main] INFO  Dealership.POM - Part Description is entered
13:20:01.943 [main] INFO  Dealership.POM - Vendor_Input field is displayed
13:20:07.351 [main] INFO  Dealership.POM - Vendor_Input is entered
13:20:07.387 [main] INFO  Dealership.POM - Mfg Part field is displayed
13:20:07.525 [main] INFO  Dealership.POM - Mfg Part is entered
13:20:07.565 [main] INFO  Dealership.POM - SKU Number field is displayed
13:20:07.715 [main] INFO  Dealership.POM - SKU Number is entered
13:20:07.763 [main] INFO  Dealership.POM - Category_Input field is displayed
13:20:12.983 [main] INFO  Dealership.POM - Category_Input is entered
13:20:13.029 [main] INFO  Dealership.POM - Tagsfield is displayed
13:20:13.239 [main] INFO  Dealership.POM - Tag is selected
13:20:13.298 [main] INFO  Dealership.POM - Location field is displayed
13:20:18.671 [main] FATAL Dealership.POM - Test Failed - screenshot captured for Method : AddPart
13:32:40.029 [main] INFO  Dealership.POM - Windows maximized
13:32:42.492 [main] INFO  Dealership.POM - URL entered
13:32:42.614 [main] INFO  Dealership.POM - Username field is visible
13:32:42.799 [main] INFO  Dealership.POM - Password field is visible
13:32:42.919 [main] INFO  Dealership.POM - Login Button is visible
13:32:58.445 [main] INFO  Dealership.POM - Login Button is clicked
13:33:18.471 [main] INFO  Dealership.POM - Title not Matched
13:33:18.547 [main] INFO  Dealership.POM - Addnew button is displayed
13:33:18.628 [main] INFO  Dealership.POM - Addnew button is clicked
13:33:18.692 [main] INFO  Dealership.POM - Part button is displayed
13:33:18.791 [main] INFO  Dealership.POM - Part button is clicked
13:33:23.867 [main] INFO  Dealership.POM - Part creation window is opened
13:33:23.901 [main] INFO  Dealership.POM - Part number field is displayed
13:33:24.153 [main] INFO  Dealership.POM - Part number is entered
13:33:24.189 [main] INFO  Dealership.POM - Part Description field is displayed
13:33:24.369 [main] INFO  Dealership.POM - Part Description is entered
13:33:24.410 [main] INFO  Dealership.POM - Vendor_Input field is displayed
13:33:29.818 [main] INFO  Dealership.POM - Vendor_Input is entered
13:33:29.853 [main] INFO  Dealership.POM - Mfg Part field is displayed
13:33:29.984 [main] INFO  Dealership.POM - Mfg Part is entered
13:33:30.020 [main] INFO  Dealership.POM - SKU Number field is displayed
13:33:30.174 [main] INFO  Dealership.POM - SKU Number is entered
13:33:30.222 [main] INFO  Dealership.POM - Category_Input field is displayed
13:33:35.429 [main] INFO  Dealership.POM - Category_Input is entered
13:33:35.469 [main] INFO  Dealership.POM - Tagsfield is displayed
13:33:35.675 [main] INFO  Dealership.POM - Tag is selected
13:33:35.726 [main] INFO  Dealership.POM - Location field is displayed
13:33:41.092 [main] FATAL Dealership.POM - Test Failed - screenshot captured for Method : AddPart
13:38:54.366 [main] INFO  Dealership.POM - Windows maximized
13:38:56.278 [main] INFO  Dealership.POM - URL entered
13:38:56.420 [main] INFO  Dealership.POM - Username field is visible
13:38:56.667 [main] INFO  Dealership.POM - Password field is visible
13:38:56.904 [main] INFO  Dealership.POM - Login Button is visible
13:38:57.156 [main] INFO  Dealership.POM - Login Button is clicked
13:39:32.632 [main] INFO  Dealership.POM - Title not Matched
13:39:32.710 [main] INFO  Dealership.POM - Addnew button is displayed
13:39:32.790 [main] INFO  Dealership.POM - Addnew button is clicked
13:39:32.855 [main] INFO  Dealership.POM - Part button is displayed
13:39:32.962 [main] INFO  Dealership.POM - Part button is clicked
13:39:38.034 [main] INFO  Dealership.POM - Part creation window is opened
13:39:38.069 [main] INFO  Dealership.POM - Part number field is displayed
13:39:38.330 [main] INFO  Dealership.POM - Part number is entered
13:39:38.364 [main] INFO  Dealership.POM - Part Description field is displayed
13:39:38.552 [main] INFO  Dealership.POM - Part Description is entered
13:39:38.601 [main] INFO  Dealership.POM - Vendor_Input field is displayed
13:39:43.996 [main] INFO  Dealership.POM - Vendor_Input is entered
13:39:44.036 [main] INFO  Dealership.POM - Mfg Part field is displayed
13:39:44.206 [main] INFO  Dealership.POM - Mfg Part is entered
13:39:44.245 [main] INFO  Dealership.POM - SKU Number field is displayed
13:39:44.402 [main] INFO  Dealership.POM - SKU Number is entered
13:39:44.446 [main] INFO  Dealership.POM - Category_Input field is displayed
13:39:49.657 [main] INFO  Dealership.POM - Category_Input is entered
13:39:49.701 [main] INFO  Dealership.POM - Tagsfield is displayed
13:39:49.882 [main] INFO  Dealership.POM - Tag is selected
13:39:49.934 [main] INFO  Dealership.POM - Location field is displayed
13:39:55.265 [main] FATAL Dealership.POM - Test Failed - screenshot captured for Method : AddPart
14:18:13.029 [main] INFO  Dealership.POM - Windows maximized
14:18:14.994 [main] INFO  Dealership.POM - URL entered
14:18:15.102 [main] INFO  Dealership.POM - Username field is visible
14:18:15.294 [main] INFO  Dealership.POM - Password field is visible
14:18:15.432 [main] INFO  Dealership.POM - Login Button is visible
14:18:44.947 [main] INFO  Dealership.POM - Login Button is clicked
14:19:04.969 [main] INFO  Dealership.POM - Title Matched
14:19:05.040 [main] INFO  Dealership.POM - Addnew button is displayed
14:19:05.113 [main] INFO  Dealership.POM - Addnew button is clicked
14:19:05.174 [main] INFO  Dealership.POM - Part button is displayed
14:19:05.281 [main] INFO  Dealership.POM - Part button is clicked
14:19:10.359 [main] INFO  Dealership.POM - Part creation window is opened
14:19:10.396 [main] INFO  Dealership.POM - Part number field is displayed
14:19:10.638 [main] INFO  Dealership.POM - Part number is entered
14:19:10.673 [main] INFO  Dealership.POM - Part Description field is displayed
14:19:10.862 [main] INFO  Dealership.POM - Part Description is entered
14:19:10.905 [main] INFO  Dealership.POM - Vendor_Input field is displayed
14:19:16.331 [main] INFO  Dealership.POM - Vendor_Input is entered
14:19:16.386 [main] INFO  Dealership.POM - Mfg Part field is displayed
14:19:16.606 [main] INFO  Dealership.POM - Mfg Part is entered
14:19:16.672 [main] INFO  Dealership.POM - SKU Number field is displayed
14:19:16.861 [main] INFO  Dealership.POM - SKU Number is entered
14:19:16.909 [main] INFO  Dealership.POM - Category_Input field is displayed
14:19:22.139 [main] INFO  Dealership.POM - Category_Input is entered
14:19:22.181 [main] INFO  Dealership.POM - Tagsfield is displayed
14:19:22.368 [main] INFO  Dealership.POM - Tag is selected
14:19:22.427 [main] INFO  Dealership.POM - Location field is displayed
14:19:27.965 [main] FATAL Dealership.POM - Test Failed - screenshot captured for Method : AddPart
14:27:48.507 [main] INFO  Dealership.POM - Windows maximized
14:27:50.569 [main] INFO  Dealership.POM - URL entered
14:27:50.685 [main] INFO  Dealership.POM - Username field is visible
14:27:50.871 [main] INFO  Dealership.POM - Password field is visible
14:27:51.135 [main] INFO  Dealership.POM - Login Button is visible
14:28:04.899 [main] INFO  Dealership.POM - Login Button is clicked
14:28:24.918 [main] INFO  Dealership.POM - Title not Matched
14:28:25.002 [main] INFO  Dealership.POM - Addnew button is displayed
14:28:25.074 [main] INFO  Dealership.POM - Addnew button is clicked
14:28:25.144 [main] INFO  Dealership.POM - Part button is displayed
14:28:25.244 [main] INFO  Dealership.POM - Part button is clicked
14:28:30.315 [main] INFO  Dealership.POM - Part creation window is opened
14:28:30.351 [main] INFO  Dealership.POM - Part number field is displayed
